
 (OK)                |  (OK)                |  (OK)                | 2026-03-03 11:36:02 
 (OK)                |  (OK)                |  (OK)                | 2026-03-03 11:38:29 
9 (OK)               | 21 (OK)              | 37 (OK)              | 2026-03-03 11:40:47 
 (OK)                |  (OK)                |  (OK)                | 2026-03-03 11:42:02 
7 (OK)               | 21 (OK)              | 37 (OK)              | 2026-03-03 11:48:58 
 (OK)                |  (OK)                |  (OK)                | 2026-03-03 11:51:02 
5 (OK)               | 21 (OK)              | 37 (OK)              | 2026-03-03 12:02:55 
4 (OK)               | 21 (OK)              | 37 (OK)              | 2026-03-03 12:04:57 
6 (OK)               | 21 (OK)              | 37 (OK)              | 2026-03-03 12:05:02 
2 (OK)               | 21 (OK)              | 37 (OK)              | 2026-03-03 12:07:02 
4 (ERROR)            | 21 (ERROR)           | 37 (ERROR)           | 2026-03-03 12:10:57 
4 (OK)               | 21 (OK)              | 37 (OK)              | 2026-03-03 12:12:22 
35 (OK)              | 21 (OK)              | 39 (OK)              | 2026-03-03 12:22:43 
2026-03-04 18:12:03 | CPU:16 (OK) | DISK:22 (OK) | RAM:37 (OK)
16 (OK)              | 22 (OK)              | 37 (OK)              | 2026-03-04 18:12:03 
10 (OK)              | 22 (OK)              | 37 (OK)              | 2026-03-04 18:14:02 
20 (OK)              | 22 (OK)              | 37 (OK)              | 2026-03-04 18:16:03 
8 (OK)               | 22 (OK)              | 43 (OK)              | 2026-03-05 18:16:03 
14 (OK)              | 22 (OK)              | 38 (OK)              | 2026-03-05 18:52:18 
10 (OK)              | 22 (OK)              | 38 (OK)              | 2026-03-05 18:53:22 
10 (OK)              | 22 (OK)              | 38 (OK)              | 2026-03-05 18:54:15 
4 (OK)               | 22 (OK)              | 38 (OK)              | 2026-03-05 18:57:12 
8 (OK)               | 22 (OK)              | 38 (OK)              | 2026-03-05 18:59:11 
8 (OK)               | 22 (OK)              | 38 (OK)              | 2026-03-05 19:09:54 
12 (OK)              | 22 (OK)              | 38 (OK)              | 2026-03-05 19:10:46 
10 (OK)              | 22 (OK)              | 38 (OK)              | 2026-03-05 19:12:28 
11 (OK)              | 22 (OK)              | 38 (OK)              | 2026-03-05 19:15:04 
4 (OK)               | 22 (OK)              | 38 (OK)              | 2026-03-05 19:17:48 
6 (ERROR)            | 22 (OK)              | 38 (OK)              | 2026-03-05 19:19:30 
11 (OK)              | 22 (OK)              | 38 (OK)              | 2026-03-05 19:20:47 
